[debug] > Exec(early(addDefaultCommands), None, None)
[debug] > Exec(addDefaultCommands, None, None)
[debug] > Exec(early(initialize), None, None)
[debug] > Exec(initialize, None, None)
[debug] > Exec(early(addPluginSbtFile="""C:\Users\ivace\AppData\Local\Temp\idea.sbt"""), None, None)
[debug] > Exec(addPluginSbtFile="""C:\Users\ivace\AppData\Local\Temp\idea.sbt""", None, None)
[debug] > Exec(boot, None, None)
[debug] > Exec(writeSbtVersion, None, None)
[debug] > Exec(reload, None, None)
[debug] > Exec(sbtStashOnFailure, None, None)
[debug] > Exec(onFailure loadFailed, None, None)
[debug] > Exec(loadp, None, None)
[info] welcome to sbt 1.10.4 (Oracle Corporation Java 23.0.1)
[debug] Load.defaultLoad until apply took 42.6005ms
[debug]           Load.loadUnit: plugins took 37.2754ms
[debug]           Load.loadUnit: defsScala took 0.0887ms
[debug] [Loading] Scanning directory C:\Users\ivace\IdeaProjects\BP\project
[debug]             Load.loadUnit: mkEval took 3.6186ms
[debug] [Loading] Found non-root projects 
[debug] [Loading] Done in C:\Users\ivace\IdeaProjects\BP\project, returning: ()
[debug] deducing auto plugins based on known facts Set(Atom(sbt.plugins.CorePlugin)) and clauses Clauses(Clause(Atom(sbt.plugins.JvmPlugin),Set(Atom(sbt.plugins.IvyPlugin)))
[debug] Clause(Atom(sbt.ScriptedPlugin),Set(Atom(sbt.plugins.JvmPlugin)))
[debug] Clause(Atom(sbt.plugins.SbtPlugin),Set(Atom(sbt.ScriptedPlugin)))
[debug] Clause(Atom(sbt.plugins.SemanticdbPlugin),Set(Atom(sbt.plugins.JvmPlugin)))
[debug] Clause(Atom(sbt.plugins.JUnitXmlReportPlugin),Set(Atom(sbt.plugins.JvmPlugin)))
[debug] Clause(Atom(sbt.plugins.MiniDependencyTreePlugin),Set(Atom(sbt.plugins.JvmPlugin)))
[debug] Clause(Atom(sbt.plugins.CorePlugin),Set(Atom(sbt.plugins.IvyPlugin)))
[debug] Clause(Atom(sbt.plugins.IvyPlugin),Set(Atom(sbt.plugins.JvmPlugin)))
[debug] Clause(Atom(sbt.plugins.JvmPlugin),Set(Atom(sbt.plugins.SemanticdbPlugin)))
[debug] Clause(Atom(sbt.plugins.JvmPlugin),Set(Atom(sbt.plugins.JUnitXmlReportPlugin)))
[debug] Clause(Atom(sbt.plugins.CorePlugin),Set(Atom(sbt.plugins.Giter8TemplatePlugin)))
[debug] Clause(Atom(sbt.plugins.JvmPlugin),Set(Atom(sbt.plugins.MiniDependencyTreePlugin))))
[debug]   :: deduced result: Matched(sbt.plugins.CorePlugin,sbt.plugins.Giter8TemplatePlugin,sbt.plugins.IvyPlugin,sbt.plugins.JvmPlugin,sbt.plugins.MiniDependencyTreePlugin,sbt.plugins.JUnitXmlReportPlugin,sbt.plugins.SemanticdbPlugin)
[debug] Plugins.deducer#function took 7.3906 ms
[info] loading settings for project bp-build from idea.sbt ...
[debug]               Load.resolveProject(bp-build) took 20.9644ms
[debug]             Load.loadTransitive: finalizeProject(Project(id bp-build, base: C:\Users\ivace\IdeaProjects\BP\project, plugins: List(<none>))) took 32.378ms
[debug] [Loading] Done in C:\Users\ivace\IdeaProjects\BP\project, returning: (bp-build)
[debug]           Load.loadUnit: loadedProjectsRaw took 1258.3153ms
[debug]           Load.loadUnit: cleanEvalClasses took 4.1689ms
[debug]         Load.loadUnit(file:/C:/Users/ivace/IdeaProjects/BP/project/, ...) took 1302.3655ms
[debug]       Load.apply: load took 1387.6809ms
[debug]       Load.apply: resolveProjects took 1.943ms
[debug]       Load.apply: finalTransforms took 27.6718ms
[debug]       Load.apply: config.delegates took 4.8327ms
[debug]       Load.apply: Def.make(settings)... took 234.7771ms
[debug]       Load.apply: structureIndex took 49.0072ms
[debug]       Load.apply: mkStreams took 0.6532ms
[info] loading project definition from C:\Users\ivace\IdeaProjects\BP\project
[debug] Running task... Cancel: Signal, check cycles: false, forcegc: true
[warn] Canceling execution...
[error] Cancelled: loadp
[error] Cancelled: loadp
[error] Use 'last' for the full log.
[debug] > Exec(loadFailed, None, None)
[warn] Project loading failed: (r)etry, (q)uit, (l)ast, or (i)gnore? (default: r)
